<?xml version="1.0" encoding="UTF-8"?>
<!-- Generated by org.testng.reporters.JUnitXMLReporter -->
<testsuite ignored="1" hostname="Naba" failures="0" tests="1" name="Default test" time="21.868" errors="0" timestamp="2024-04-03T16:52:43 IST">
  <testcase classname="com.Guru99Test.testcases.RegistrationTestCases" name="Registration" time="4.527"/>
  <testcase classname="com.Guru99Test.testcases.RegistrationTestCases" name="VerifyLogin" time="0.0">
    <ignored/>
  </testcase> <!-- VerifyLogin -->
</testsuite> <!-- Default test -->
