<?xml version="1.0" encoding="UTF-8"?>
<!-- Generated by org.testng.reporters.JUnitXMLReporter -->
<testsuite ignored="0" hostname="Naba" failures="1" tests="1" name="Test" time="22.725" errors="0" timestamp="2024-04-03T11:23:13 IST">
  <testcase classname="com.Guru99Test.testcases.RegistrationTestCases" name="VerifyLogin" time="4.545">
    <failure type="org.openqa.selenium.ElementClickInterceptedException" message="element click intercepted: Element &amp;lt;input type=&amp;quot;submit&amp;quot; name=&amp;quot;submit&amp;quot; value=&amp;quot;Submit&amp;quot; style=&amp;quot;background-color: #FACB00;border: 1px solid black;font-family:MS Sans Serif;font-size:15px;&amp;quot;&amp;gt; is not clickable at point (584, 553). Other element would receive the click: &amp;lt;iframe frameborder=&amp;quot;0&amp;quot; src=&amp;quot;https://303eee5318d3e52e9416fadfc9b9fc64.safeframe.googlesyndication.com/safeframe/1-0-40/html/container.html&amp;quot; id=&amp;quot;google_ads_iframe_/24132379/INTERSTITIAL_DemoGuru99_0&amp;quot; title=&amp;quot;3rd party ad content&amp;quot; name=&amp;quot;&amp;quot; scrolling=&amp;quot;no&amp;quot; marginwidth=&amp;quot;0&amp;quot; marginheight=&amp;quot;0&amp;quot; width=&amp;quot;&amp;quot; height=&amp;quot;&amp;quot; data-is-safeframe=&amp;quot;true&amp;quot; sandbox=&amp;quot;allow-forms allow-popups allow-popups-to-escape-sandbox allow-same-origin allow-scripts allow-top-navigation-by-user-activation&amp;quot; allow=&amp;quot;autoplay&amp;quot; aria-label=&amp;quot;Advertisement&amp;quot; tabindex=&amp;quot;0&amp;quot; data-google-container-id=&amp;quot;1&amp;quot; data-load-complete=&amp;quot;true&amp;quot; style=&amp;quot;border: 0px !important; vertical-align: bottom !important; width: 100vw !important; height: 100vh !important; inset: 0px auto auto 0px !important; position: absolute !important; clear: none !important; display: inline !important; float: none !important; margin: 0px !important; max-height: none !important; max-width: none !important; opacity: 1 !important; overflow: visible !important; padding: 0px !important; visibility: visible !important; z-index: auto !important;&amp;quot;&amp;gt;&amp;lt;/iframe&amp;gt;
  (Session info: MicrosoftEdge=123.0.2420.65)
Build info: version: &amp;apos;4.18.1&amp;apos;, revision: &amp;apos;b1d3319b48&amp;apos;
System info: os.name: &amp;apos;Windows 11&amp;apos;, os.arch: &amp;apos;amd64&amp;apos;, os.version: &amp;apos;10.0&amp;apos;, java.version: &amp;apos;21.0.2&amp;apos;
Driver info: org.openqa.selenium.edge.EdgeDriver
Command: [b398fad83fbc9f28716bde5885370c23, clickElement {id=f.EB86D1ABFFB1265EBB04C056560CF7C0.d.3B06CF6A9ACE985154714B49D7CBDECB.e.19}]
Capabilities {acceptInsecureCerts: false, browserName: MicrosoftEdge, browserVersion: 123.0.2420.65, fedcm:accounts: true, ms:edgeOptions: {debuggerAddress: localhost:56339}, msedge: {msedgedriverVersion: 123.0.2420.65 (49b6a5859239..., userDataDir: C:\Windows\SystemTemp\scope...}, networkConnectionEnabled: false, pageLoadStrategy: normal, platformName: windows, proxy: Proxy(), se:cdp: ws://localhost:56339/devtoo..., se:cdpVersion: 123.0.2420.65, setWindowRect: true, strictFileInteractability: false, timeouts: {implicit: 0, pageLoad: 300000, script: 30000}, unhandledPromptBehavior: dismiss and notify, webauthn:extension:credBlob: true, webauthn:extension:largeBlob: true, webauthn:extension:minPinLength: true, webauthn:extension:prf: true, webauthn:virtualAuthenticators: true}
Element: [[EdgeDriver: MicrosoftEdge on windows (b398fad83fbc9f28716bde5885370c23)] -&amp;gt; name: submit]
Session ID: b398fad83fbc9f28716bde5885370c23">
      <![CDATA[org.openqa.selenium.ElementClickInterceptedException: element click intercepted: Element <input type="submit" name="submit" value="Submit" style="background-color: #FACB00;border: 1px solid black;font-family:MS Sans Serif;font-size:15px;"> is not clickable at point (584, 553). Other element would receive the click: <iframe frameborder="0" src="https://303eee5318d3e52e9416fadfc9b9fc64.safeframe.googlesyndication.com/safeframe/1-0-40/html/container.html" id="google_ads_iframe_/24132379/INTERSTITIAL_DemoGuru99_0" title="3rd party ad content" name="" scrolling="no" marginwidth="0" marginheight="0" width="" height="" data-is-safeframe="true" sandbox="allow-forms allow-popups allow-popups-to-escape-sandbox allow-same-origin allow-scripts allow-top-navigation-by-user-activation" allow="autoplay" aria-label="Advertisement" tabindex="0" data-google-container-id="1" data-load-complete="true" style="border: 0px !important; vertical-align: bottom !important; width: 100vw !important; height: 100vh !important; inset: 0px auto auto 0px !important; position: absolute !important; clear: none !important; display: inline !important; float: none !important; margin: 0px !important; max-height: none !important; max-width: none !important; opacity: 1 !important; overflow: visible !important; padding: 0px !important; visibility: visible !important; z-index: auto !important;"></iframe>
  (Session info: MicrosoftEdge=123.0.2420.65)
Build info: version: '4.18.1', revision: 'b1d3319b48'
System info: os.name: 'Windows 11', os.arch: 'amd64', os.version: '10.0', java.version: '21.0.2'
Driver info: org.openqa.selenium.edge.EdgeDriver
Command: [b398fad83fbc9f28716bde5885370c23, clickElement {id=f.EB86D1ABFFB1265EBB04C056560CF7C0.d.3B06CF6A9ACE985154714B49D7CBDECB.e.19}]
Capabilities {acceptInsecureCerts: false, browserName: MicrosoftEdge, browserVersion: 123.0.2420.65, fedcm:accounts: true, ms:edgeOptions: {debuggerAddress: localhost:56339}, msedge: {msedgedriverVersion: 123.0.2420.65 (49b6a5859239..., userDataDir: C:\Windows\SystemTemp\scope...}, networkConnectionEnabled: false, pageLoadStrategy: normal, platformName: windows, proxy: Proxy(), se:cdp: ws://localhost:56339/devtoo..., se:cdpVersion: 123.0.2420.65, setWindowRect: true, strictFileInteractability: false, timeouts: {implicit: 0, pageLoad: 300000, script: 30000}, unhandledPromptBehavior: dismiss and notify, webauthn:extension:credBlob: true, webauthn:extension:largeBlob: true, webauthn:extension:minPinLength: true, webauthn:extension:prf: true, webauthn:virtualAuthenticators: true}
Element: [[EdgeDriver: MicrosoftEdge on windows (b398fad83fbc9f28716bde5885370c23)] -> name: submit]
Session ID: b398fad83fbc9f28716bde5885370c23
at org.openqa.selenium.remote.ErrorCodec.decode(ErrorCodec.java:167)
at org.openqa.selenium.remote.codec.w3c.W3CHttpResponseCodec.decode(W3CHttpResponseCodec.java:138)
at org.openqa.selenium.remote.codec.w3c.W3CHttpResponseCodec.decode(W3CHttpResponseCodec.java:50)
at org.openqa.selenium.remote.HttpCommandExecutor.execute(HttpCommandExecutor.java:190)
at org.openqa.selenium.remote.service.DriverCommandExecutor.invokeExecute(DriverCommandExecutor.java:216)
at org.openqa.selenium.remote.service.DriverCommandExecutor.execute(DriverCommandExecutor.java:174)
at org.openqa.selenium.remote.RemoteWebDriver.execute(RemoteWebDriver.java:519)
at org.openqa.selenium.remote.RemoteWebElement.execute(RemoteWebElement.java:223)
at org.openqa.selenium.remote.RemoteWebElement.click(RemoteWebElement.java:76)
at org.openqa.selenium.support.pagefactory.internal.LocatingElementHandler.invoke(LocatingElementHandler.java:51)
at jdk.proxy2/jdk.proxy2.$Proxy12.click(Unknown Source)
at com.Guru99Test.pageobject.SignonPage.clickonSubmit(SignonPage.java:50)
at com.Guru99Test.testcases.RegistrationTestCases.VerifyLogin(RegistrationTestCases.java:34)
at java.base/java.util.ArrayList.forEach(ArrayList.java:1596)
... Removed 30 stack frames]]>
    </failure>
  </testcase> <!-- VerifyLogin -->
</testsuite> <!-- Test -->
