<?xml version="1.0" encoding="UTF-8"?>
<testng-results ignored="0" total="1" passed="1" failed="0" skipped="0">
  <reporter-output>
  </reporter-output>
  <suite started-at="2024-04-03T16:52:21 IST" name="Default suite" finished-at="2024-04-03T16:52:42 IST" duration-ms="21868">
    <groups>
    </groups>
    <test started-at="2024-04-03T16:52:21 IST" name="Default test" finished-at="2024-04-03T16:52:42 IST" duration-ms="21868">
      <class name="com.Guru99Test.testcases.RegistrationTestCases">
        <test-method is-config="true" signature="setup()[pri:0, instance:com.Guru99Test.testcases.RegistrationTestCases@6a6cb05c]" started-at="2024-04-03T16:52:21 IST" name="setup" finished-at="2024-04-03T16:52:38 IST" duration-ms="17272" status="PASS">
          <reporter-output>
          </reporter-output>
        </test-method> <!-- setup -->
        <test-method signature="Registration()[pri:0, instance:com.Guru99Test.testcases.RegistrationTestCases@6a6cb05c]" started-at="2024-04-03T16:52:38 IST" name="Registration" finished-at="2024-04-03T16:52:42 IST" duration-ms="4527" status="PASS">
          <reporter-output>
          </reporter-output>
        </test-method> <!-- Registration -->
        <test-method is-config="true" signature="tearDown()[pri:0, instance:com.Guru99Test.testcases.RegistrationTestCases@6a6cb05c]" started-at="2024-04-03T16:52:42 IST" name="tearDown" finished-at="2024-04-03T16:52:42 IST" duration-ms="1" status="PASS">
          <reporter-output>
          </reporter-output>
        </test-method> <!-- tearDown -->
      </class> <!-- com.Guru99Test.testcases.RegistrationTestCases -->
    </test> <!-- Default test -->
  </suite> <!-- Default suite -->
</testng-results>
